<?xml version="1.0" encoding="UTF-8"?>
<!-- Generated by org.testng.reporters.JUnitXMLReporter -->
<testsuite ignored="0" hostname="LAPTOP-F8PBBLMP" failures="0" tests="2" name="TC_001_AccountRegistrationTest" time="19.517" errors="0" timestamp="2024-02-27T19:55:23 IST">
  <testcase classname="testCases.TC_002_LoginTest" name="verifyLoginTest" time="1.78"/>
  <testcase classname="testCases.TC_001_AccountRegistrationTest" name="test_account_Registration" time="4.036"/>
</testsuite> <!-- TC_001_AccountRegistrationTest -->
